Jul 20, 2009 2:21:12 PM org.apache.tomcat.util.net.JIoEndpoint$Acceptor run
SEVERE: Socket accept failed
java.net.SocketException: Too many open files
	at java.net.PlainSocketImpl.socketAccept(Native Method)
	at java.net.PlainSocketImpl.accept(PlainSocketImpl.java:384)
	at java.net.ServerSocket.implAccept(ServerSocket.java:450)
	at java.net.ServerSocket.accept(ServerSocket.java:421)
	at org.apache.tomcat.util.net.DefaultServerSocketFactory.acceptSocket(DefaultServerSocketFactory.java:61)
	at org.apache.tomcat.util.net.JIoEndpoint$Acceptor.run(JIoEndpoint.java:310)
	at java.lang.Thread.run(Thread.java:619)
Jul 20, 2009 2:21:35 PM org.apache.tomcat.util.net.JIoEndpoint$Acceptor run
SEVERE: Socket accept failed
java.net.SocketException: Too many open files
	at java.net.PlainSocketImpl.socketAccept(Native Method)
	at java.net.PlainSocketImpl.accept(PlainSocketImpl.java:384)
	at java.net.ServerSocket.implAccept(ServerSocket.java:450)
	at java.net.ServerSocket.accept(ServerSocket.java:421)
	at org.apache.tomcat.util.net.DefaultServerSocketFactory.acceptSocket(DefaultServerSocketFactory.java:61)
	at org.apache.tomcat.util.net.JIoEndpoint$Acceptor.run(JIoEndpoint.java:310)
	at java.lang.Thread.run(Thread.java:619)
Jul 20, 2009 2:22:08 PM org.apache.naming.resources.FileDirContext list
WARNING: Could not get dir listing for /usr/local/tomcat/webapps/thredds/WEB-INF
Jul 20, 2009 2:22:08 PM org.apache.catalina.startup.ContextConfig defaultWebConfig
SEVERE: Missing default web.xml, using application web.xml only conf/web.xml /usr/local/tomcat/conf/web.xml
java.io.FileNotFoundException: /usr/local/tomcat/conf/web.xml (Too many open files)
	at java.io.FileInputStream.open(Native Method)
	at java.io.FileInputStream.<init>(FileInputStream.java:106)
	at org.apache.catalina.startup.ContextConfig.defaultWebConfig(ContextConfig.java:615)
	at org.apache.catalina.startup.ContextConfig.start(ContextConfig.java:1065)
	at org.apache.catalina.startup.ContextConfig.lifecycleEvent(ContextConfig.java:261)
	at org.apache.catalina.util.LifecycleSupport.fireLifecycleEvent(LifecycleSupport.java:117)
	at org.apache.catalina.core.StandardContext.start(StandardContext.java:4252)
	at org.apache.catalina.manager.ManagerServlet.start(ManagerServlet.java:1247)
	at org.apache.catalina.manager.HTMLManagerServlet.start(HTMLManagerServlet.java:604)
	at org.apache.catalina.manager.HTMLManagerServlet.doGet(HTMLManagerServlet.java:129)
	at javax.servlet.http.HttpServlet.service(HttpServlet.java:617)
	at javax.servlet.http.HttpServlet.service(HttpServlet.java:717)
	at org.apache.catalina.core.ApplicationFilterChain.internalDoFilter(ApplicationFilterChain.java:290)
	at org.apache.catalina.core.ApplicationFilterChain.doFilter(ApplicationFilterChain.java:206)
	at org.apache.catalina.core.StandardWrapperValve.invoke(StandardWrapperValve.java:233)
	at org.apache.catalina.core.StandardContextValve.invoke(StandardContextValve.java:191)
	at org.apache.catalina.authenticator.AuthenticatorBase.invoke(AuthenticatorBase.java:525)
	at org.apache.catalina.core.StandardHostValve.invoke(StandardHostValve.java:128)
	at org.apache.catalina.valves.ErrorReportValve.invoke(ErrorReportValve.java:102)
	at org.apache.catalina.core.StandardEngineValve.invoke(StandardEngineValve.java:109)
	at org.apache.catalina.connector.CoyoteAdapter.service(CoyoteAdapter.java:286)
	at org.apache.coyote.http11.Http11Processor.process(Http11Processor.java:845)
	at org.apache.coyote.http11.Http11Protocol$Http11ConnectionHandler.process(Http11Protocol.java:583)
	at org.apache.tomcat.util.net.JIoEndpoint$Worker.run(JIoEndpoint.java:447)
	at java.lang.Thread.run(Thread.java:619)
Jul 20, 2009 2:22:08 PM org.apache.tomcat.util.net.JIoEndpoint$Acceptor run
SEVERE: Socket accept failed
java.net.SocketException: Too many open files
	at java.net.PlainSocketImpl.socketAccept(Native Method)
	at java.net.PlainSocketImpl.accept(PlainSocketImpl.java:384)
	at java.net.ServerSocket.implAccept(ServerSocket.java:450)
	at java.net.ServerSocket.accept(ServerSocket.java:421)
	at org.apache.tomcat.util.net.DefaultServerSocketFactory.acceptSocket(DefaultServerSocketFactory.java:61)
	at org.apache.tomcat.util.net.JIoEndpoint$Acceptor.run(JIoEndpoint.java:310)
	at java.lang.Thread.run(Thread.java:619)
Jul 20, 2009 2:22:12 PM org.apache.tomcat.util.net.JIoEndpoint$Acceptor run
SEVERE: Socket accept failed
java.net.SocketException: Too many open files
	at java.net.PlainSocketImpl.socketAccept(Native Method)
	at java.net.PlainSocketImpl.accept(PlainSocketImpl.java:384)
	at java.net.ServerSocket.implAccept(ServerSocket.java:450)
	at java.net.ServerSocket.accept(ServerSocket.java:421)
	at org.apache.tomcat.util.net.DefaultServerSocketFactory.acceptSocket(DefaultServerSocketFactory.java:61)
	at org.apache.tomcat.util.net.JIoEndpoint$Acceptor.run(JIoEndpoint.java:310)
	at java.lang.Thread.run(Thread.java:619)
Jul 20, 2009 2:22:17 PM org.apache.naming.resources.FileDirContext list
WARNING: Could not get dir listing for /usr/local/tomcat/webapps/ncWMS/WEB-INF
Jul 20, 2009 2:22:17 PM org.apache.catalina.startup.ContextConfig defaultWebConfig
SEVERE: Missing default web.xml, using application web.xml only conf/web.xml /usr/local/tomcat/conf/web.xml
java.io.FileNotFoundException: /usr/local/tomcat/conf/web.xml (Too many open files)
	at java.io.FileInputStream.open(Native Method)
	at java.io.FileInputStream.<init>(FileInputStream.java:106)
	at org.apache.catalina.startup.ContextConfig.defaultWebConfig(ContextConfig.java:615)
	at org.apache.catalina.startup.ContextConfig.start(ContextConfig.java:1065)
	at org.apache.catalina.startup.ContextConfig.lifecycleEvent(ContextConfig.java:261)
	at org.apache.catalina.util.LifecycleSupport.fireLifecycleEvent(LifecycleSupport.java:117)
	at org.apache.catalina.core.StandardContext.start(StandardContext.java:4252)
	at org.apache.catalina.manager.ManagerServlet.start(ManagerServlet.java:1247)
	at org.apache.catalina.manager.HTMLManagerServlet.start(HTMLManagerServlet.java:604)
	at org.apache.catalina.manager.HTMLManagerServlet.doGet(HTMLManagerServlet.java:129)
	at javax.servlet.http.HttpServlet.service(HttpServlet.java:617)
	at javax.servlet.http.HttpServlet.service(HttpServlet.java:717)
	at org.apache.catalina.core.ApplicationFilterChain.internalDoFilter(ApplicationFilterChain.java:290)
	at org.apache.catalina.core.ApplicationFilterChain.doFilter(ApplicationFilterChain.java:206)
	at org.apache.catalina.core.StandardWrapperValve.invoke(StandardWrapperValve.java:233)
	at org.apache.catalina.core.StandardContextValve.invoke(StandardContextValve.java:191)
	at org.apache.catalina.authenticator.AuthenticatorBase.invoke(AuthenticatorBase.java:525)
	at org.apache.catalina.core.StandardHostValve.invoke(StandardHostValve.java:128)
	at org.apache.catalina.valves.ErrorReportValve.invoke(ErrorReportValve.java:102)
	at org.apache.catalina.core.StandardEngineValve.invoke(StandardEngineValve.java:109)
	at org.apache.catalina.connector.CoyoteAdapter.service(CoyoteAdapter.java:286)
	at org.apache.coyote.http11.Http11Processor.process(Http11Processor.java:845)
	at org.apache.coyote.http11.Http11Protocol$Http11ConnectionHandler.process(Http11Protocol.java:583)
	at org.apache.tomcat.util.net.JIoEndpoint$Worker.run(JIoEndpoint.java:447)
	at java.lang.Thread.run(Thread.java:619)
Jul 20, 2009 2:25:07 PM org.apache.catalina.core.StandardContext reload
INFO: Reloading this Context has started
Jul 20, 2009 2:25:07 PM org.apache.naming.resources.FileDirContext list
WARNING: Could not get dir listing for /usr/local/tomcat/webapps/ncWMS/WEB-INF
Jul 20, 2009 2:25:07 PM org.apache.catalina.startup.ContextConfig defaultWebConfig
SEVERE: Missing default web.xml, using application web.xml only conf/web.xml /usr/local/tomcat/conf/web.xml
java.io.FileNotFoundException: /usr/local/tomcat/conf/web.xml (Too many open files)
	at java.io.FileInputStream.open(Native Method)
	at java.io.FileInputStream.<init>(FileInputStream.java:106)
	at org.apache.catalina.startup.ContextConfig.defaultWebConfig(ContextConfig.java:615)
	at org.apache.catalina.startup.ContextConfig.start(ContextConfig.java:1065)
	at org.apache.catalina.startup.ContextConfig.lifecycleEvent(ContextConfig.java:261)
	at org.apache.catalina.util.LifecycleSupport.fireLifecycleEvent(LifecycleSupport.java:117)
	at org.apache.catalina.core.StandardContext.start(StandardContext.java:4252)
	at org.apache.catalina.core.StandardContext.reload(StandardContext.java:3099)
	at org.apache.catalina.manager.ManagerServlet.reload(ManagerServlet.java:916)
	at org.apache.catalina.manager.HTMLManagerServlet.reload(HTMLManagerServlet.java:536)
	at org.apache.catalina.manager.HTMLManagerServlet.doGet(HTMLManagerServlet.java:114)
	at javax.servlet.http.HttpServlet.service(HttpServlet.java:617)
	at javax.servlet.http.HttpServlet.service(HttpServlet.java:717)
	at org.apache.catalina.core.ApplicationFilterChain.internalDoFilter(ApplicationFilterChain.java:290)
	at org.apache.catalina.core.ApplicationFilterChain.doFilter(ApplicationFilterChain.java:206)
	at org.apache.catalina.core.StandardWrapperValve.invoke(StandardWrapperValve.java:233)
	at org.apache.catalina.core.StandardContextValve.invoke(StandardContextValve.java:191)
	at org.apache.catalina.authenticator.AuthenticatorBase.invoke(AuthenticatorBase.java:525)
	at org.apache.catalina.core.StandardHostValve.invoke(StandardHostValve.java:128)
	at org.apache.catalina.valves.ErrorReportValve.invoke(ErrorReportValve.java:102)
	at org.apache.catalina.core.StandardEngineValve.invoke(StandardEngineValve.java:109)
	at org.apache.catalina.connector.CoyoteAdapter.service(CoyoteAdapter.java:286)
	at org.apache.coyote.http11.Http11Processor.process(Http11Processor.java:845)
	at org.apache.coyote.http11.Http11Protocol$Http11ConnectionHandler.process(Http11Protocol.java:583)
	at org.apache.tomcat.util.net.JIoEndpoint$Worker.run(JIoEndpoint.java:447)
	at java.lang.Thread.run(Thread.java:619)
Jul 20, 2009 2:25:11 PM org.apache.catalina.core.StandardContext reload
INFO: Reloading this Context has started
Jul 20, 2009 2:25:11 PM org.apache.naming.resources.FileDirContext list
WARNING: Could not get dir listing for /usr/local/tomcat/webapps/thredds/WEB-INF
Jul 20, 2009 2:25:11 PM org.apache.catalina.startup.ContextConfig defaultWebConfig
SEVERE: Missing default web.xml, using application web.xml only conf/web.xml /usr/local/tomcat/conf/web.xml
java.io.FileNotFoundException: /usr/local/tomcat/conf/web.xml (Too many open files)
	at java.io.FileInputStream.open(Native Method)
	at java.io.FileInputStream.<init>(FileInputStream.java:106)
	at org.apache.catalina.startup.ContextConfig.defaultWebConfig(ContextConfig.java:615)
	at org.apache.catalina.startup.ContextConfig.start(ContextConfig.java:1065)
	at org.apache.catalina.startup.ContextConfig.lifecycleEvent(ContextConfig.java:261)
	at org.apache.catalina.util.LifecycleSupport.fireLifecycleEvent(LifecycleSupport.java:117)
	at org.apache.catalina.core.StandardContext.start(StandardContext.java:4252)
	at org.apache.catalina.core.StandardContext.reload(StandardContext.java:3099)
	at org.apache.catalina.manager.ManagerServlet.reload(ManagerServlet.java:916)
	at org.apache.catalina.manager.HTMLManagerServlet.reload(HTMLManagerServlet.java:536)
	at org.apache.catalina.manager.HTMLManagerServlet.doGet(HTMLManagerServlet.java:114)
	at javax.servlet.http.HttpServlet.service(HttpServlet.java:617)
	at javax.servlet.http.HttpServlet.service(HttpServlet.java:717)
	at org.apache.catalina.core.ApplicationFilterChain.internalDoFilter(ApplicationFilterChain.java:290)
	at org.apache.catalina.core.ApplicationFilterChain.doFilter(ApplicationFilterChain.java:206)
	at org.apache.catalina.core.StandardWrapperValve.invoke(StandardWrapperValve.java:233)
	at org.apache.catalina.core.StandardContextValve.invoke(StandardContextValve.java:191)
	at org.apache.catalina.authenticator.AuthenticatorBase.invoke(AuthenticatorBase.java:525)
	at org.apache.catalina.core.StandardHostValve.invoke(StandardHostValve.java:128)
	at org.apache.catalina.valves.ErrorReportValve.invoke(ErrorReportValve.java:102)
	at org.apache.catalina.core.StandardEngineValve.invoke(StandardEngineValve.java:109)
	at org.apache.catalina.connector.CoyoteAdapter.service(CoyoteAdapter.java:286)
	at org.apache.coyote.http11.Http11Processor.process(Http11Processor.java:845)
	at org.apache.coyote.http11.Http11Protocol$Http11ConnectionHandler.process(Http11Protocol.java:583)
	at org.apache.tomcat.util.net.JIoEndpoint$Worker.run(JIoEndpoint.java:447)
	at java.lang.Thread.run(Thread.java:619)
Jul 20, 2009 2:34:09 PM org.apache.catalina.core.StandardContext reload
INFO: Reloading this Context has started
Jul 20, 2009 2:34:09 PM org.apache.naming.resources.FileDirContext list
WARNING: Could not get dir listing for /usr/local/tomcat/webapps/thredds/WEB-INF
Jul 20, 2009 2:34:09 PM org.apache.catalina.startup.ContextConfig defaultWebConfig
SEVERE: Missing default web.xml, using application web.xml only conf/web.xml /usr/local/tomcat/conf/web.xml
java.io.FileNotFoundException: /usr/local/tomcat/conf/web.xml (Too many open files)
	at java.io.FileInputStream.open(Native Method)
	at java.io.FileInputStream.<init>(FileInputStream.java:106)
	at org.apache.catalina.startup.ContextConfig.defaultWebConfig(ContextConfig.java:615)
	at org.apache.catalina.startup.ContextConfig.start(ContextConfig.java:1065)
	at org.apache.catalina.startup.ContextConfig.lifecycleEvent(ContextConfig.java:261)
	at org.apache.catalina.util.LifecycleSupport.fireLifecycleEvent(LifecycleSupport.java:117)
	at org.apache.catalina.core.StandardContext.start(StandardContext.java:4252)
	at org.apache.catalina.core.StandardContext.reload(StandardContext.java:3099)
	at org.apache.catalina.manager.ManagerServlet.reload(ManagerServlet.java:916)
	at org.apache.catalina.manager.HTMLManagerServlet.reload(HTMLManagerServlet.java:536)
	at org.apache.catalina.manager.HTMLManagerServlet.doGet(HTMLManagerServlet.java:114)
	at javax.servlet.http.HttpServlet.service(HttpServlet.java:617)
	at javax.servlet.http.HttpServlet.service(HttpServlet.java:717)
	at org.apache.catalina.core.ApplicationFilterChain.internalDoFilter(ApplicationFilterChain.java:290)
	at org.apache.catalina.core.ApplicationFilterChain.doFilter(ApplicationFilterChain.java:206)
	at org.apache.catalina.core.StandardWrapperValve.invoke(StandardWrapperValve.java:233)
	at org.apache.catalina.core.StandardContextValve.invoke(StandardContextValve.java:191)
	at org.apache.catalina.authenticator.AuthenticatorBase.invoke(AuthenticatorBase.java:525)
	at org.apache.catalina.core.StandardHostValve.invoke(StandardHostValve.java:128)
	at org.apache.catalina.valves.ErrorReportValve.invoke(ErrorReportValve.java:102)
	at org.apache.catalina.core.StandardEngineValve.invoke(StandardEngineValve.java:109)
	at org.apache.catalina.connector.CoyoteAdapter.service(CoyoteAdapter.java:286)
	at org.apache.coyote.http11.Http11Processor.process(Http11Processor.java:845)
	at org.apache.coyote.http11.Http11Protocol$Http11ConnectionHandler.process(Http11Protocol.java:583)
	at org.apache.tomcat.util.net.JIoEndpoint$Worker.run(JIoEndpoint.java:447)
	at java.lang.Thread.run(Thread.java:619)
Jul 20, 2009 2:41:47 PM org.apache.naming.resources.FileDirContext list
WARNING: Could not get dir listing for /usr/local/tomcat/webapps/ncWMS/WEB-INF
Jul 20, 2009 2:41:47 PM org.apache.catalina.startup.ContextConfig defaultWebConfig
SEVERE: Missing default web.xml, using application web.xml only conf/web.xml /usr/local/tomcat/conf/web.xml
java.io.FileNotFoundException: /usr/local/tomcat/conf/web.xml (Too many open files)
	at java.io.FileInputStream.open(Native Method)
	at java.io.FileInputStream.<init>(FileInputStream.java:106)
	at org.apache.catalina.startup.ContextConfig.defaultWebConfig(ContextConfig.java:615)
	at org.apache.catalina.startup.ContextConfig.start(ContextConfig.java:1065)
	at org.apache.catalina.startup.ContextConfig.lifecycleEvent(ContextConfig.java:261)
	at org.apache.catalina.util.LifecycleSupport.fireLifecycleEvent(LifecycleSupport.java:117)
	at org.apache.catalina.core.StandardContext.start(StandardContext.java:4252)
	at org.apache.catalina.manager.ManagerServlet.start(ManagerServlet.java:1247)
	at org.apache.catalina.manager.HTMLManagerServlet.start(HTMLManagerServlet.java:604)
	at org.apache.catalina.manager.HTMLManagerServlet.doGet(HTMLManagerServlet.java:129)
	at javax.servlet.http.HttpServlet.service(HttpServlet.java:617)
	at javax.servlet.http.HttpServlet.service(HttpServlet.java:717)
	at org.apache.catalina.core.ApplicationFilterChain.internalDoFilter(ApplicationFilterChain.java:290)
	at org.apache.catalina.core.ApplicationFilterChain.doFilter(ApplicationFilterChain.java:206)
	at org.apache.catalina.core.StandardWrapperValve.invoke(StandardWrapperValve.java:233)
	at org.apache.catalina.core.StandardContextValve.invoke(StandardContextValve.java:191)
	at org.apache.catalina.authenticator.AuthenticatorBase.invoke(AuthenticatorBase.java:525)
	at org.apache.catalina.core.StandardHostValve.invoke(StandardHostValve.java:128)
	at org.apache.catalina.valves.ErrorReportValve.invoke(ErrorReportValve.java:102)
	at org.apache.catalina.core.StandardEngineValve.invoke(StandardEngineValve.java:109)
	at org.apache.catalina.connector.CoyoteAdapter.service(CoyoteAdapter.java:286)
	at org.apache.coyote.http11.Http11Processor.process(Http11Processor.java:845)
	at org.apache.coyote.http11.Http11Protocol$Http11ConnectionHandler.process(Http11Protocol.java:583)
	at org.apache.tomcat.util.net.JIoEndpoint$Worker.run(JIoEndpoint.java:447)
	at java.lang.Thread.run(Thread.java:619)
Jul 20, 2009 2:41:51 PM org.apache.naming.resources.FileDirContext list
WARNING: Could not get dir listing for /usr/local/tomcat/webapps/thredds/WEB-INF
Jul 20, 2009 2:41:51 PM org.apache.catalina.startup.ContextConfig defaultWebConfig
SEVERE: Missing default web.xml, using application web.xml only conf/web.xml /usr/local/tomcat/conf/web.xml
java.io.FileNotFoundException: /usr/local/tomcat/conf/web.xml (Too many open files)
	at java.io.FileInputStream.open(Native Method)
	at java.io.FileInputStream.<init>(FileInputStream.java:106)
	at org.apache.catalina.startup.ContextConfig.defaultWebConfig(ContextConfig.java:615)
	at org.apache.catalina.startup.ContextConfig.start(ContextConfig.java:1065)
	at org.apache.catalina.startup.ContextConfig.lifecycleEvent(ContextConfig.java:261)
	at org.apache.catalina.util.LifecycleSupport.fireLifecycleEvent(LifecycleSupport.java:117)
	at org.apache.catalina.core.StandardContext.start(StandardContext.java:4252)
	at org.apache.catalina.manager.ManagerServlet.start(ManagerServlet.java:1247)
	at org.apache.catalina.manager.HTMLManagerServlet.start(HTMLManagerServlet.java:604)
	at org.apache.catalina.manager.HTMLManagerServlet.doGet(HTMLManagerServlet.java:129)
	at javax.servlet.http.HttpServlet.service(HttpServlet.java:617)
	at javax.servlet.http.HttpServlet.service(HttpServlet.java:717)
	at org.apache.catalina.core.ApplicationFilterChain.internalDoFilter(ApplicationFilterChain.java:290)
	at org.apache.catalina.core.ApplicationFilterChain.doFilter(ApplicationFilterChain.java:206)
	at org.apache.catalina.core.StandardWrapperValve.invoke(StandardWrapperValve.java:233)
	at org.apache.catalina.core.StandardContextValve.invoke(StandardContextValve.java:191)
	at org.apache.catalina.authenticator.AuthenticatorBase.invoke(AuthenticatorBase.java:525)
	at org.apache.catalina.core.StandardHostValve.invoke(StandardHostValve.java:128)
	at org.apache.catalina.valves.ErrorReportValve.invoke(ErrorReportValve.java:102)
	at org.apache.catalina.core.StandardEngineValve.invoke(StandardEngineValve.java:109)
	at org.apache.catalina.connector.CoyoteAdapter.service(CoyoteAdapter.java:286)
	at org.apache.coyote.http11.Http11Processor.process(Http11Processor.java:845)
	at org.apache.coyote.http11.Http11Protocol$Http11ConnectionHandler.process(Http11Protocol.java:583)
	at org.apache.tomcat.util.net.JIoEndpoint$Worker.run(JIoEndpoint.java:447)
	at java.lang.Thread.run(Thread.java:619)
