Jul 20, 2009 2:21:35 PM org.apache.catalina.core.ApplicationContext log
INFO: HTMLManager: list: Listing contexts for virtual host 'localhost'
Jul 20, 2009 2:21:35 PM org.apache.catalina.core.StandardWrapperValve invoke
SEVERE: Servlet.service() for servlet default threw exception
java.io.FileNotFoundException: /usr/local/tomcat/webapps/manager/images/asf-logo.gif (Too many open files)
	at java.io.FileInputStream.open(Native Method)
	at java.io.FileInputStream.<init>(FileInputStream.java:106)
	at org.apache.naming.resources.FileDirContext$FileResource.streamContent(FileDirContext.java:964)
	at org.apache.catalina.servlets.DefaultServlet.copy(DefaultServlet.java:1711)
	at org.apache.catalina.servlets.DefaultServlet.serveResource(DefaultServlet.java:809)
	at org.apache.catalina.servlets.DefaultServlet.doGet(DefaultServlet.java:325)
	at javax.servlet.http.HttpServlet.service(HttpServlet.java:617)
	at javax.servlet.http.HttpServlet.service(HttpServlet.java:717)
	at org.apache.catalina.core.ApplicationFilterChain.internalDoFilter(ApplicationFilterChain.java:290)
	at org.apache.catalina.core.ApplicationFilterChain.doFilter(ApplicationFilterChain.java:206)
	at org.apache.catalina.core.StandardWrapperValve.invoke(StandardWrapperValve.java:233)
	at org.apache.catalina.core.StandardContextValve.invoke(StandardContextValve.java:191)
	at org.apache.catalina.authenticator.AuthenticatorBase.invoke(AuthenticatorBase.java:433)
	at org.apache.catalina.core.StandardHostValve.invoke(StandardHostValve.java:128)
	at org.apache.catalina.valves.ErrorReportValve.invoke(ErrorReportValve.java:102)
	at org.apache.catalina.core.StandardEngineValve.invoke(StandardEngineValve.java:109)
	at org.apache.catalina.connector.CoyoteAdapter.service(CoyoteAdapter.java:286)
	at org.apache.coyote.http11.Http11Processor.process(Http11Processor.java:845)
	at org.apache.coyote.http11.Http11Protocol$Http11ConnectionHandler.process(Http11Protocol.java:583)
	at org.apache.tomcat.util.net.JIoEndpoint$Worker.run(JIoEndpoint.java:447)
	at java.lang.Thread.run(Thread.java:619)
Jul 20, 2009 2:21:59 PM org.apache.catalina.core.ApplicationContext log
INFO: HTMLManager: stop: Stopping web application at '/thredds'
Jul 20, 2009 2:21:59 PM org.apache.catalina.core.ApplicationContext log
INFO: HTMLManager: list: Listing contexts for virtual host 'localhost'
Jul 20, 2009 2:21:59 PM org.apache.catalina.core.StandardWrapperValve invoke
SEVERE: Servlet.service() for servlet default threw exception
java.io.FileNotFoundException: /usr/local/tomcat/webapps/manager/images/asf-logo.gif (Too many open files)
	at java.io.FileInputStream.open(Native Method)
	at java.io.FileInputStream.<init>(FileInputStream.java:106)
	at org.apache.naming.resources.FileDirContext$FileResource.streamContent(FileDirContext.java:964)
	at org.apache.catalina.servlets.DefaultServlet.copy(DefaultServlet.java:1711)
	at org.apache.catalina.servlets.DefaultServlet.serveResource(DefaultServlet.java:809)
	at org.apache.catalina.servlets.DefaultServlet.doGet(DefaultServlet.java:325)
	at javax.servlet.http.HttpServlet.service(HttpServlet.java:617)
	at javax.servlet.http.HttpServlet.service(HttpServlet.java:717)
	at org.apache.catalina.core.ApplicationFilterChain.internalDoFilter(ApplicationFilterChain.java:290)
	at org.apache.catalina.core.ApplicationFilterChain.doFilter(ApplicationFilterChain.java:206)
	at org.apache.catalina.core.StandardWrapperValve.invoke(StandardWrapperValve.java:233)
	at org.apache.catalina.core.StandardContextValve.invoke(StandardContextValve.java:191)
	at org.apache.catalina.authenticator.AuthenticatorBase.invoke(AuthenticatorBase.java:433)
	at org.apache.catalina.core.StandardHostValve.invoke(StandardHostValve.java:128)
	at org.apache.catalina.valves.ErrorReportValve.invoke(ErrorReportValve.java:102)
	at org.apache.catalina.core.StandardEngineValve.invoke(StandardEngineValve.java:109)
	at org.apache.catalina.connector.CoyoteAdapter.service(CoyoteAdapter.java:286)
	at org.apache.coyote.http11.Http11Processor.process(Http11Processor.java:845)
	at org.apache.coyote.http11.Http11Protocol$Http11ConnectionHandler.process(Http11Protocol.java:583)
	at org.apache.tomcat.util.net.JIoEndpoint$Worker.run(JIoEndpoint.java:447)
	at java.lang.Thread.run(Thread.java:619)
Jul 20, 2009 2:21:59 PM org.apache.catalina.core.StandardWrapperValve invoke
SEVERE: Servlet.service() for servlet default threw exception
java.io.FileNotFoundException: /usr/local/tomcat/webapps/manager/images/tomcat.gif (Too many open files)
	at java.io.FileInputStream.open(Native Method)
	at java.io.FileInputStream.<init>(FileInputStream.java:106)
	at org.apache.naming.resources.FileDirContext$FileResource.streamContent(FileDirContext.java:964)
	at org.apache.catalina.servlets.DefaultServlet.copy(DefaultServlet.java:1711)
	at org.apache.catalina.servlets.DefaultServlet.serveResource(DefaultServlet.java:809)
	at org.apache.catalina.servlets.DefaultServlet.doGet(DefaultServlet.java:325)
	at javax.servlet.http.HttpServlet.service(HttpServlet.java:617)
	at javax.servlet.http.HttpServlet.service(HttpServlet.java:717)
	at org.apache.catalina.core.ApplicationFilterChain.internalDoFilter(ApplicationFilterChain.java:290)
	at org.apache.catalina.core.ApplicationFilterChain.doFilter(ApplicationFilterChain.java:206)
	at org.apache.catalina.core.StandardWrapperValve.invoke(StandardWrapperValve.java:233)
	at org.apache.catalina.core.StandardContextValve.invoke(StandardContextValve.java:191)
	at org.apache.catalina.authenticator.AuthenticatorBase.invoke(AuthenticatorBase.java:433)
	at org.apache.catalina.core.StandardHostValve.invoke(StandardHostValve.java:128)
	at org.apache.catalina.valves.ErrorReportValve.invoke(ErrorReportValve.java:102)
	at org.apache.catalina.core.StandardEngineValve.invoke(StandardEngineValve.java:109)
	at org.apache.catalina.connector.CoyoteAdapter.service(CoyoteAdapter.java:286)
	at org.apache.coyote.http11.Http11Processor.process(Http11Processor.java:845)
	at org.apache.coyote.http11.Http11Protocol$Http11ConnectionHandler.process(Http11Protocol.java:583)
	at org.apache.tomcat.util.net.JIoEndpoint$Worker.run(JIoEndpoint.java:447)
	at java.lang.Thread.run(Thread.java:619)
Jul 20, 2009 2:22:07 PM org.apache.catalina.core.ApplicationContext log
INFO: HTMLManager: start: Starting web application at '/thredds'
Jul 20, 2009 2:22:08 PM org.apache.catalina.core.ApplicationContext log
INFO: HTMLManager: list: Listing contexts for virtual host 'localhost'
Jul 20, 2009 2:22:14 PM org.apache.catalina.core.ApplicationContext log
INFO: HTMLManager: stop: Stopping web application at '/ncWMS'
Jul 20, 2009 2:22:14 PM org.apache.catalina.core.ApplicationContext log
INFO: HTMLManager: list: Listing contexts for virtual host 'localhost'
Jul 20, 2009 2:22:17 PM org.apache.catalina.core.ApplicationContext log
INFO: HTMLManager: start: Starting web application at '/ncWMS'
Jul 20, 2009 2:22:17 PM org.apache.catalina.core.ApplicationContext log
INFO: HTMLManager: list: Listing contexts for virtual host 'localhost'
Jul 20, 2009 2:24:58 PM org.apache.catalina.core.ApplicationContext log
INFO: HTMLManager: list: Listing contexts for virtual host 'localhost'
Jul 20, 2009 2:25:07 PM org.apache.catalina.core.ApplicationContext log
INFO: HTMLManager: restart: Reloading web application at '/ncWMS'
Jul 20, 2009 2:25:07 PM org.apache.catalina.core.ApplicationContext log
INFO: HTMLManager: list: Listing contexts for virtual host 'localhost'
Jul 20, 2009 2:25:11 PM org.apache.catalina.core.ApplicationContext log
INFO: HTMLManager: restart: Reloading web application at '/thredds'
Jul 20, 2009 2:25:11 PM org.apache.catalina.core.ApplicationContext log
INFO: HTMLManager: list: Listing contexts for virtual host 'localhost'
Jul 20, 2009 2:34:09 PM org.apache.catalina.core.ApplicationContext log
INFO: HTMLManager: restart: Reloading web application at '/thredds'
Jul 20, 2009 2:34:09 PM org.apache.catalina.core.ApplicationContext log
INFO: HTMLManager: list: Listing contexts for virtual host 'localhost'
Jul 20, 2009 2:34:20 PM org.apache.catalina.core.ApplicationContext log
INFO: HTMLManager: stop: Stopping web application at '/thredds'
Jul 20, 2009 2:34:20 PM org.apache.catalina.core.ApplicationContext log
INFO: HTMLManager: list: Listing contexts for virtual host 'localhost'
Jul 20, 2009 2:34:24 PM org.apache.catalina.core.ApplicationContext log
INFO: HTMLManager: stop: Stopping web application at '/ncWMS'
Jul 20, 2009 2:34:24 PM org.apache.catalina.core.ApplicationContext log
INFO: HTMLManager: list: Listing contexts for virtual host 'localhost'
Jul 20, 2009 2:41:47 PM org.apache.catalina.core.ApplicationContext log
INFO: HTMLManager: start: Starting web application at '/ncWMS'
Jul 20, 2009 2:41:47 PM org.apache.catalina.core.ApplicationContext log
INFO: HTMLManager: list: Listing contexts for virtual host 'localhost'
Jul 20, 2009 2:41:51 PM org.apache.catalina.core.ApplicationContext log
INFO: HTMLManager: start: Starting web application at '/thredds'
Jul 20, 2009 2:41:51 PM org.apache.catalina.core.ApplicationContext log
INFO: HTMLManager: list: Listing contexts for virtual host 'localhost'
Jul 20, 2009 4:47:09 PM org.apache.catalina.core.ApplicationContext log
INFO: HTMLManager: list: Listing contexts for virtual host 'localhost'
