2009-07-16T18:06:35.783 -0700 [       286][       1] INFO  - TdsConfigContextListener.contextInitialized() start[2]: Non-request thread opening.
2009-07-16T18:06:35.955 -0700 [       458][       1] INFO  - TdsConfigContextListener.contextInitialized(): done - Non-request thread closing - 172
2009-07-16T18:06:36.180 -0700 [       683][       2] INFO  - CatalogGen - initialize start - Non-request thread opening.
2009-07-16T18:06:36.181 -0700 [       684][       2] INFO  - CatalogGen not enabled in threddsConfig.xml - Non-request thread closing - 1
2009-07-16T18:06:36.207 -0700 [       710][       3] INFO  - DQC Service - init start - Non-request thread opening.
2009-07-16T18:06:36.207 -0700 [       710][       3] INFO  - Dqc Service not enabled in threddsConfig.xml - Non-request thread closing - 0
2009-07-16T18:06:36.220 -0700 [       723][       4] INFO  - thredds.server.wcs.WCSServlet initialization start -  Non-request thread opening.
2009-07-16T18:06:36.220 -0700 [       723][       4] INFO  - WCS service not enabled in threddsConfig.xml: Non-request thread closing - 0
2009-07-16T18:06:36.232 -0700 [       735][       5] INFO  - thredds.server.opendap.OpendapServlet initialization start - Non-request thread opening.
2009-07-16T18:06:36.232 -0700 [       735][       5] INFO  - thredds.server.opendap.OpendapServlet initialization done - Non-request thread closing - 0
2009-07-16T18:06:36.543 -0700 [      1046][       6] INFO  - WMS - initialization start: Non-request thread opening.
2009-07-16T18:06:36.543 -0700 [      1046][       6] INFO  - WMS - initialization done: Non-request thread closing - 0
2009-07-16T18:06:36.546 -0700 [      1049][       7] INFO  - thredds.servlet.FmrcInventoryServlet initialization start -  Non-request thread opening.
2009-07-16T18:06:36.546 -0700 [      1049][       7] INFO  - thredds.servlet.FmrcInventoryServlet initialization done -  Non-request thread closing - 0
2009-07-16T18:06:36.546 -0700 [      1049][       8] INFO  - thredds.servlet.TesterServlet initialization start -  Non-request thread opening.
2009-07-16T18:06:36.547 -0700 [      1050][       8] INFO  - thredds.servlet.TesterServlet initialization done -  Non-request thread closing - 1
2009-07-16T18:06:36.549 -0700 [      1052][       9] INFO  - thredds.servlet.ViewServlet initialization start -  Non-request thread opening.
2009-07-16T18:06:36.549 -0700 [      1052][       9] INFO  - thredds.servlet.ViewServlet initialization done -  Non-request thread closing - 0
2009-07-16T18:06:36.549 -0700 [      1052][      10] INFO  - thredds.servlet.DLwriterServlet initialization start -  Non-request thread opening.
2009-07-16T18:06:36.549 -0700 [      1052][      10] INFO  - DLwriterServlet.init(): DLwriter service not enabled in threddsConfig.xml: Non-request thread closing - 0
2009-07-20T14:21:59.644 -0700 [ 332124147][    5554] INFO  - CatalogGen - destroy start - Non-request thread opening.
2009-07-20T14:21:59.661 -0700 [ 332124164][    5554] INFO  - CatalogGen - destroy done - Non-request thread closing - 17
2009-07-20T14:21:59.662 -0700 [ 332124165][    5555] INFO  - DQC Service - destroy start - Non-request thread opening.
2009-07-20T14:21:59.662 -0700 [ 332124165][    5555] INFO  - DQC Service - destroy done - Non-request thread closing - 0
2009-07-20T14:21:59.663 -0700 [ 332124166][    5556] INFO  - WCSServlet.destroy() start: Non-request thread opening.
2009-07-20T14:21:59.663 -0700 [ 332124166][    5556] INFO  - WCSServlet.destroy() done:Non-request thread closing - 0
2009-07-20T14:21:59.663 -0700 [ 332124166][    5557] INFO  - WMS - destroy start: Non-request thread opening.
2009-07-20T14:21:59.663 -0700 [ 332124166][    5557] INFO  - WMS - destroy done: Non-request thread closing - 0
2009-07-20T14:21:59.665 -0700 [ 332124168][    5558] INFO  - TdsConfigContextListener.contextDestroyed(): start.Non-request thread opening.
2009-07-20T14:21:59.665 -0700 [ 332124168][    5558] INFO  - TdsConfigContextListener.contextDestroyed(): Done except for shutdownLogging() - Non-request thread closing - 0
