initCatalogs(): initializing 1 root catalogs.

**************************************
Catalog init catalog.xml
[2010-12-18T17:00:18GMT]
readCatalog(): full path=/usr/local/tomcat/content/thredds/catalog.xml; path=catalog.xml
readCatalog(): valid catalog -- ----Catalog Validation version 1.0.01
**Warning: Dataset (HYCOM Consortium Thredds Data Server/=-=-=-=-=-=-=-=-=-=-=-=-=-=-=-=-=-=-=-=-=-=-=-=-=-=-=-=-=-=-=-=-=-=): is not selectable and does not have nested datasets
**Warning: Dataset (HYCOM Consortium Thredds Data Server/-=-=-=-=-=-=-=- PLEASE USE DATASETS ABOVE THIS LINE -=-=-=-=-=-=-=-): is not selectable and does not have nested datasets
**Warning: Dataset (HYCOM Consortium Thredds Data Server/=-=-=-=-=-=-= DATASETS BELOW ARE FOR INTERNAL USE ONLY -=-=-=-=-=-=): is not selectable and does not have nested datasets
**Warning: Dataset (HYCOM Consortium Thredds Data Server/=-=-=-=-=-=-=-=-=-=-=-=-=-=-=-=-=-=-=-=-=-=-=-=-=-=-=-=-=-=-=-=-=-=): is not selectable and does not have nested datasets

readCatalog(): full path=/usr/local/tomcat/content/thredds/GLBa0.08/expt_90.6.xml; path=GLBa0.08/expt_90.6.xml
readCatalog(): valid catalog -- ----Catalog Validation version 1.0.01

readCatalog(): full path=/usr/local/tomcat/content/thredds/GLBa0.08/expt_90.8.xml; path=GLBa0.08/expt_90.8.xml
readCatalog(): valid catalog -- ----Catalog Validation version 1.0.01

readCatalog(): full path=/usr/local/tomcat/content/thredds/GLBa0.08/expt_60.5.xml; path=GLBa0.08/expt_60.5.xml
readCatalog(): valid catalog -- ----Catalog Validation version 1.0.01

readCatalog(): full path=/usr/local/tomcat/content/thredds/GLBa0.08/expt_90.2.xml; path=GLBa0.08/expt_90.2.xml
readCatalog(): valid catalog -- ----Catalog Validation version 1.0.01

readCatalog(): full path=/usr/local/tomcat/content/thredds/GLBa0.08/expt_90.3.xml; path=GLBa0.08/expt_90.3.xml
readCatalog(): valid catalog -- ----Catalog Validation version 1.0.01

readCatalog(): full path=/usr/local/tomcat/content/thredds/GLBa0.08/expt_05.8.xml; path=GLBa0.08/expt_05.8.xml
readCatalog(): valid catalog -- ----Catalog Validation version 1.0.01

readCatalog(): full path=/usr/local/tomcat/content/thredds/GOMl0.04/expt_30.1.xml; path=GOMl0.04/expt_30.1.xml
readCatalog(): valid catalog -- ----Catalog Validation version 1.0.01

readCatalog(): full path=/usr/local/tomcat/content/thredds/GOMl0.04/expt_20.1.xml; path=GOMl0.04/expt_20.1.xml
readCatalog(): valid catalog -- ----Catalog Validation version 1.0.01

readCatalog(): full path=/usr/local/tomcat/content/thredds/GOMk0.04/expt_01.1.xml; path=GOMk0.04/expt_01.1.xml
readCatalog(): valid catalog -- ----Catalog Validation version 1.0.01

readCatalog(): full path=/usr/local/tomcat/content/thredds/hycom_catalog.xml; path=hycom_catalog.xml
readCatalog(): valid catalog -- ----Catalog Validation version 1.0.01

readCatalog(): full path=/usr/local/tomcat/content/thredds/global_current/glb_current_analysis_catalog.xml; path=global_current/glb_current_analysis_catalog.xml
readCatalog(): valid catalog -- ----Catalog Validation version 1.0.01

readCatalog(): full path=/usr/local/tomcat/content/thredds/global_903/glb_903_analysis_catalog.xml; path=global_903/glb_903_analysis_catalog.xml
readCatalog(): valid catalog -- ----Catalog Validation version 1.0.01

readCatalog(): full path=/usr/local/tomcat/content/thredds/global_902/glb_902_analysis_catalog.xml; path=global_902/glb_902_analysis_catalog.xml
readCatalog(): valid catalog -- ----Catalog Validation version 1.0.01

readCatalog(): full path=/usr/local/tomcat/content/thredds/global_605/glb_605_analysis_catalog.xml; path=global_605/glb_605_analysis_catalog.xml
readCatalog(): valid catalog -- ----Catalog Validation version 1.0.01

readCatalog(): full path=/usr/local/tomcat/content/thredds/global_combined/glb_analysis_catalog.xml; path=global_combined/glb_analysis_catalog.xml
readCatalog(): valid catalog -- ----Catalog Validation version 1.0.01

readCatalog(): full path=/usr/local/tomcat/content/thredds/global/glb_simulation_catalog.xml; path=global/glb_simulation_catalog.xml
readCatalog(): valid catalog -- ----Catalog Validation version 1.0.01

readCatalog(): full path=/usr/local/tomcat/content/thredds/atlantic/atl_ops_catalog.xml; path=atlantic/atl_ops_catalog.xml
readCatalog(): valid catalog -- ----Catalog Validation version 1.0.01

readCatalog(): full path=/usr/local/tomcat/content/thredds/pacific/pacific_ecmwf_simulation_catalog.xml; path=pacific/pacific_ecmwf_simulation_catalog.xml
readCatalog(): valid catalog -- ----Catalog Validation version 1.0.01

readCatalog(): full path=/usr/local/tomcat/content/thredds/GODAE/ACC_catalog.xml; path=GODAE/ACC_catalog.xml
readCatalog(): valid catalog -- ----Catalog Validation version 1.0.01

readCatalog(): full path=/usr/local/tomcat/content/thredds/GODAE/GLO_catalog.xml; path=GODAE/GLO_catalog.xml
readCatalog(): valid catalog -- ----Catalog Validation version 1.0.01

readCatalog(): full path=/usr/local/tomcat/content/thredds/GODAE/IND_catalog.xml; path=GODAE/IND_catalog.xml
readCatalog(): valid catalog -- ----Catalog Validation version 1.0.01

readCatalog(): full path=/usr/local/tomcat/content/thredds/GODAE/MED_catalog.xml; path=GODAE/MED_catalog.xml
readCatalog(): valid catalog -- ----Catalog Validation version 1.0.01

readCatalog(): full path=/usr/local/tomcat/content/thredds/GODAE/NAT_catalog.xml; path=GODAE/NAT_catalog.xml
readCatalog(): valid catalog -- ----Catalog Validation version 1.0.01

readCatalog(): full path=/usr/local/tomcat/content/thredds/GODAE/NPA_catalog.xml; path=GODAE/NPA_catalog.xml
readCatalog(): valid catalog -- ----Catalog Validation version 1.0.01

readCatalog(): full path=/usr/local/tomcat/content/thredds/GODAE/SAT_catalog.xml; path=GODAE/SAT_catalog.xml
readCatalog(): valid catalog -- ----Catalog Validation version 1.0.01

readCatalog(): full path=/usr/local/tomcat/content/thredds/GODAE/SPA_catalog.xml; path=GODAE/SPA_catalog.xml
readCatalog(): valid catalog -- ----Catalog Validation version 1.0.01

readCatalog(): full path=/usr/local/tomcat/content/thredds/GODAE/TAT_catalog.xml; path=GODAE/TAT_catalog.xml
readCatalog(): valid catalog -- ----Catalog Validation version 1.0.01

readCatalog(): full path=/usr/local/tomcat/content/thredds/GODAE/TPA_catalog.xml; path=GODAE/TPA_catalog.xml
readCatalog(): valid catalog -- ----Catalog Validation version 1.0.01

readCatalog(): full path=/usr/local/tomcat/content/thredds/qscat/qscat00_catalog.xml; path=qscat/qscat00_catalog.xml
readCatalog(): valid catalog -- ----Catalog Validation version 1.0.01

readCatalog(): full path=/usr/local/tomcat/content/thredds/qscat/qscat06_catalog.xml; path=qscat/qscat06_catalog.xml
readCatalog(): valid catalog -- ----Catalog Validation version 1.0.01

readCatalog(): full path=/usr/local/tomcat/content/thredds/qscat/qscat12_catalog.xml; path=qscat/qscat12_catalog.xml
readCatalog(): valid catalog -- ----Catalog Validation version 1.0.01

readCatalog(): full path=/usr/local/tomcat/content/thredds/qscat/qscat18_catalog.xml; path=qscat/qscat18_catalog.xml
readCatalog(): valid catalog -- ----Catalog Validation version 1.0.01

initCatalog(): Catalog [assim/control/control_catalog.xml] does not exist in config directory.
readCatalog(): full path=/usr/local/tomcat/content/thredds/assim/nest/GOM-Nest_catalog.xml; path=assim/nest/GOM-Nest_catalog.xml
readCatalog(): valid catalog -- ----Catalog Validation version 1.0.01

readCatalog(): full path=/usr/local/tomcat/content/thredds/assim/ref/gom_ref_catalog.xml; path=assim/ref/gom_ref_catalog.xml
readCatalog(): valid catalog -- ----Catalog Validation version 1.0.01

initCatalog(): Catalog [assim/forcing/forcing_catalog.xml] does not exist in config directory.
readCatalog(): full path=/usr/local/tomcat/content/thredds/global/glb_FOCENS_catalog.xml; path=global/glb_FOCENS_catalog.xml
readCatalog(): valid catalog -- ----Catalog Validation version 1.0.01

readCatalog(): full path=/usr/local/tomcat/content/thredds/assim/enoi_1041/enoi_1041_catalog.xml; path=assim/enoi_1041/enoi_1041_catalog.xml
readCatalog(): valid catalog -- ----Catalog Validation version 1.0.01

readCatalog(): full path=/usr/local/tomcat/content/thredds/assim/enoi_1042/enoi_1042_catalog.xml; path=assim/enoi_1042/enoi_1042_catalog.xml
readCatalog(): valid catalog -- ----Catalog Validation version 1.0.01

readCatalog(): full path=/usr/local/tomcat/content/thredds/assim/enoi_1043/enoi_1043_catalog.xml; path=assim/enoi_1043/enoi_1043_catalog.xml
readCatalog(): valid catalog -- ----Catalog Validation version 1.0.01

readCatalog(): full path=/usr/local/tomcat/content/thredds/assim/enoi_1044/enoi_1044_catalog.xml; path=assim/enoi_1044/enoi_1044_catalog.xml
readCatalog(): valid catalog -- ----Catalog Validation version 1.0.01

readCatalog(): full path=/usr/local/tomcat/content/thredds/assim/enoi_1045/enoi_1045_catalog.xml; path=assim/enoi_1045/enoi_1045_catalog.xml
readCatalog(): valid catalog -- ----Catalog Validation version 1.0.01

readCatalog(): full path=/usr/local/tomcat/content/thredds/assim/enoi_1046/enoi_1046_catalog.xml; path=assim/enoi_1046/enoi_1046_catalog.xml
readCatalog(): valid catalog -- ----Catalog Validation version 1.0.01

readCatalog(): full path=/usr/local/tomcat/content/thredds/assim/enoi_1047/enoi_1047_catalog.xml; path=assim/enoi_1047/enoi_1047_catalog.xml
readCatalog(): valid catalog -- ----Catalog Validation version 1.0.01

readCatalog(): full path=/usr/local/tomcat/content/thredds/assim/enoi_1048/enoi_1048_catalog.xml; path=assim/enoi_1048/enoi_1048_catalog.xml
readCatalog(): valid catalog -- ----Catalog Validation version 1.0.01

readCatalog(): full path=/usr/local/tomcat/content/thredds/assim/mvoi_1011/mvoi_1011_catalog.xml; path=assim/mvoi_1011/mvoi_1011_catalog.xml
readCatalog(): valid catalog -- ----Catalog Validation version 1.0.01

readCatalog(): full path=/usr/local/tomcat/content/thredds/assim/mvoi_1012/mvoi_1012_catalog.xml; path=assim/mvoi_1012/mvoi_1012_catalog.xml
readCatalog(): valid catalog -- ----Catalog Validation version 1.0.01

readCatalog(): full path=/usr/local/tomcat/content/thredds/assim/mvoi_1013/mvoi_1013_catalog.xml; path=assim/mvoi_1013/mvoi_1013_catalog.xml
readCatalog(): valid catalog -- ----Catalog Validation version 1.0.01

readCatalog(): full path=/usr/local/tomcat/content/thredds/assim/mvoi_1014/mvoi_1014_catalog.xml; path=assim/mvoi_1014/mvoi_1014_catalog.xml
readCatalog(): valid catalog -- ----Catalog Validation version 1.0.01

readCatalog(): full path=/usr/local/tomcat/content/thredds/assim/mvoi_1015/mvoi_1015_catalog.xml; path=assim/mvoi_1015/mvoi_1015_catalog.xml
readCatalog(): valid catalog -- ----Catalog Validation version 1.0.01

readCatalog(): full path=/usr/local/tomcat/content/thredds/assim/mvoi_1016/mvoi_1016_catalog.xml; path=assim/mvoi_1016/mvoi_1016_catalog.xml
readCatalog(): valid catalog -- ----Catalog Validation version 1.0.01

readCatalog(): full path=/usr/local/tomcat/content/thredds/assim/mvoi_1018/mvoi_1018_catalog.xml; path=assim/mvoi_1018/mvoi_1018_catalog.xml
readCatalog(): valid catalog -- ----Catalog Validation version 1.0.01

readCatalog(): full path=/usr/local/tomcat/content/thredds/assim/mvoi_1019/mvoi_1019_catalog.xml; path=assim/mvoi_1019/mvoi_1019_catalog.xml
readCatalog(): valid catalog -- ----Catalog Validation version 1.0.01

readCatalog(): full path=/usr/local/tomcat/content/thredds/assim/mvoi_1020/mvoi_1020_catalog.xml; path=assim/mvoi_1020/mvoi_1020_catalog.xml
readCatalog(): valid catalog -- ----Catalog Validation version 1.0.01

readCatalog(): full path=/usr/local/tomcat/content/thredds/assim/mvoi_1021/mvoi_1021_catalog.xml; path=assim/mvoi_1021/mvoi_1021_catalog.xml
readCatalog(): valid catalog -- ----Catalog Validation version 1.0.01

readCatalog(): full path=/usr/local/tomcat/content/thredds/assim/mvoi_1022/mvoi_1022_catalog.xml; path=assim/mvoi_1022/mvoi_1022_catalog.xml
readCatalog(): valid catalog -- ----Catalog Validation version 1.0.01

readCatalog(): full path=/usr/local/tomcat/content/thredds/assim/mvoi_1023/mvoi_1023_catalog.xml; path=assim/mvoi_1023/mvoi_1023_catalog.xml
readCatalog(): valid catalog -- ----Catalog Validation version 1.0.01

readCatalog(): full path=/usr/local/tomcat/content/thredds/assim/mvoi_1024/mvoi_1024_catalog.xml; path=assim/mvoi_1024/mvoi_1024_catalog.xml
readCatalog(): valid catalog -- ----Catalog Validation version 1.0.01

readCatalog(): full path=/usr/local/tomcat/content/thredds/assim/mvoi_1025/mvoi_1025_catalog.xml; path=assim/mvoi_1025/mvoi_1025_catalog.xml
readCatalog(): valid catalog -- ----Catalog Validation version 1.0.01

readCatalog(): full path=/usr/local/tomcat/content/thredds/assim/mvoi_1026/mvoi_1026_catalog.xml; path=assim/mvoi_1026/mvoi_1026_catalog.xml
readCatalog(): valid catalog -- ----Catalog Validation version 1.0.01

readCatalog(): full path=/usr/local/tomcat/content/thredds/assim/mvoi_1027/mvoi_1027_catalog.xml; path=assim/mvoi_1027/mvoi_1027_catalog.xml
readCatalog(): valid catalog -- ----Catalog Validation version 1.0.01

readCatalog(): full path=/usr/local/tomcat/content/thredds/assim/mvoi_1028/mvoi_1028_catalog.xml; path=assim/mvoi_1028/mvoi_1028_catalog.xml
readCatalog(): valid catalog -- ----Catalog Validation version 1.0.01

readCatalog(): full path=/usr/local/tomcat/content/thredds/assim/mvoi_1029/mvoi_1029_catalog.xml; path=assim/mvoi_1029/mvoi_1029_catalog.xml
readCatalog(): valid catalog -- ----Catalog Validation version 1.0.01

readCatalog(): full path=/usr/local/tomcat/content/thredds/assim/mvoi_1030/mvoi_1030_catalog.xml; path=assim/mvoi_1030/mvoi_1030_catalog.xml
readCatalog(): valid catalog -- ----Catalog Validation version 1.0.01

readCatalog(): full path=/usr/local/tomcat/content/thredds/assim/mvoi_1031/mvoi_1031_catalog.xml; path=assim/mvoi_1031/mvoi_1031_catalog.xml
readCatalog(): valid catalog -- ----Catalog Validation version 1.0.01

readCatalog(): full path=/usr/local/tomcat/content/thredds/assim/mvoi_1032/mvoi_1032_catalog.xml; path=assim/mvoi_1032/mvoi_1032_catalog.xml
readCatalog(): valid catalog -- ----Catalog Validation version 1.0.01

initCatalog(): Catalog [assim/mvoi_1033/mvoi_1033_catalog.xml] does not exist in config directory.
initCatalog(): Catalog [assim/mvoi_1034/mvoi_1034_catalog.xml] does not exist in config directory.
readCatalog(): full path=/usr/local/tomcat/content/thredds/assim/mvoi_1035/mvoi_1035_catalog.xml; path=assim/mvoi_1035/mvoi_1035_catalog.xml
readCatalog(): valid catalog -- ----Catalog Validation version 1.0.01

readCatalog(): full path=/usr/local/tomcat/content/thredds/assim/enroif_1031/enroif_1031_catalog.xml; path=assim/enroif_1031/enroif_1031_catalog.xml
readCatalog(): valid catalog -- ----Catalog Validation version 1.0.01

readCatalog(): full path=/usr/local/tomcat/content/thredds/assim/enroif_1032/enroif_1032_catalog.xml; path=assim/enroif_1032/enroif_1032_catalog.xml
readCatalog(): valid catalog -- ----Catalog Validation version 1.0.01

readCatalog(): full path=/usr/local/tomcat/content/thredds/assim/enroif_1033/enroif_1033_catalog.xml; path=assim/enroif_1033/enroif_1033_catalog.xml
readCatalog(): valid catalog -- ----Catalog Validation version 1.0.01

readCatalog(): full path=/usr/local/tomcat/content/thredds/assim/enroif_1035/enroif_1035_catalog.xml; path=assim/enroif_1035/enroif_1035_catalog.xml
readCatalog(): valid catalog -- ----Catalog Validation version 1.0.01

readCatalog(): full path=/usr/local/tomcat/content/thredds/assim/enroif_1036/enroif_1036_catalog.xml; path=assim/enroif_1036/enroif_1036_catalog.xml
readCatalog(): valid catalog -- ----Catalog Validation version 1.0.01

readCatalog(): full path=/usr/local/tomcat/content/thredds/assim/enroif_1037/enroif_1037_catalog.xml; path=assim/enroif_1037/enroif_1037_catalog.xml
readCatalog(): valid catalog -- ----Catalog Validation version 1.0.01

readCatalog(): full path=/usr/local/tomcat/content/thredds/assim/seek_1051/seek_1051_catalog.xml; path=assim/seek_1051/seek_1051_catalog.xml
readCatalog(): valid catalog -- ----Catalog Validation version 1.0.01

readCatalog(): full path=/usr/local/tomcat/content/thredds/assim/seek_1052/seek_1052_catalog.xml; path=assim/seek_1052/seek_1052_catalog.xml
readCatalog(): valid catalog -- ----Catalog Validation version 1.0.01

readCatalog(): full path=/usr/local/tomcat/content/thredds/assim/seek_1053/seek_1053_catalog.xml; path=assim/seek_1053/seek_1053_catalog.xml
readCatalog(): valid catalog -- ----Catalog Validation version 1.0.01

readCatalog(): full path=/usr/local/tomcat/content/thredds/assim/seek_1054/seek_1054_catalog.xml; path=assim/seek_1054/seek_1054_catalog.xml
readCatalog(): valid catalog -- ----Catalog Validation version 1.0.01

readCatalog(): full path=/usr/local/tomcat/content/thredds/assim/seek_1055/seek_1055_catalog.xml; path=assim/seek_1055/seek_1055_catalog.xml
readCatalog(): valid catalog -- ----Catalog Validation version 1.0.01

readCatalog(): full path=/usr/local/tomcat/content/thredds/assim/seek_1056/seek_1056_catalog.xml; path=assim/seek_1056/seek_1056_catalog.xml
readCatalog(): valid catalog -- ----Catalog Validation version 1.0.01

readCatalog(): full path=/usr/local/tomcat/content/thredds/assim/seek_1057/seek_1057_catalog.xml; path=assim/seek_1057/seek_1057_catalog.xml
readCatalog(): valid catalog -- ----Catalog Validation version 1.0.01

readCatalog(): full path=/usr/local/tomcat/content/thredds/assim/seek_1058/seek_1058_catalog.xml; path=assim/seek_1058/seek_1058_catalog.xml
readCatalog(): valid catalog -- ----Catalog Validation version 1.0.01

readCatalog(): full path=/usr/local/tomcat/content/thredds/assim/seek_1059/seek_1059_catalog.xml; path=assim/seek_1059/seek_1059_catalog.xml
readCatalog(): valid catalog -- ----Catalog Validation version 1.0.01

readCatalog(): full path=/usr/local/tomcat/content/thredds/assim/seek_1061/seek_1061_catalog.xml; path=assim/seek_1061/seek_1061_catalog.xml
readCatalog(): valid catalog -- ----Catalog Validation version 1.0.01

readCatalog(): full path=/usr/local/tomcat/content/thredds/assim/seek_1062/seek_1062_catalog.xml; path=assim/seek_1062/seek_1062_catalog.xml
readCatalog(): valid catalog -- ----Catalog Validation version 1.0.01

readCatalog(): full path=/usr/local/tomcat/content/thredds/assim/seek_1063/seek_1063_catalog.xml; path=assim/seek_1063/seek_1063_catalog.xml
readCatalog(): valid catalog -- ----Catalog Validation version 1.0.01

readCatalog(): full path=/usr/local/tomcat/content/thredds/assim/seek_1064/seek_1064_catalog.xml; path=assim/seek_1064/seek_1064_catalog.xml
readCatalog(): valid catalog -- ----Catalog Validation version 1.0.01

readCatalog(): full path=/usr/local/tomcat/content/thredds/assim/seek_1065/seek_1065_catalog.xml; path=assim/seek_1065/seek_1065_catalog.xml
readCatalog(): valid catalog -- ----Catalog Validation version 1.0.01

readCatalog(): full path=/usr/local/tomcat/content/thredds/assim/seek_1066/seek_1066_catalog.xml; path=assim/seek_1066/seek_1066_catalog.xml
readCatalog(): valid catalog -- ----Catalog Validation version 1.0.01

readCatalog(): full path=/usr/local/tomcat/content/thredds/assim/seek_1067/seek_1067_catalog.xml; path=assim/seek_1067/seek_1067_catalog.xml
readCatalog(): valid catalog -- ----Catalog Validation version 1.0.01

readCatalog(): full path=/usr/local/tomcat/content/thredds/assim/seek_1068/seek_1068_catalog.xml; path=assim/seek_1068/seek_1068_catalog.xml
readCatalog(): valid catalog -- ----Catalog Validation version 1.0.01

readCatalog(): full path=/usr/local/tomcat/content/thredds/assim/seek_1069/seek_1069_catalog.xml; path=assim/seek_1069/seek_1069_catalog.xml
readCatalog(): valid catalog -- ----Catalog Validation version 1.0.01

readCatalog(): full path=/usr/local/tomcat/content/thredds/assim/control_nrl/control_nrl_catalog.xml; path=assim/control_nrl/control_nrl_catalog.xml
readCatalog(): valid catalog -- ----Catalog Validation version 1.0.01

readCatalog(): full path=/usr/local/tomcat/content/thredds/pchaos/r1045/r1045_catalog.xml; path=pchaos/r1045/r1045_catalog.xml
readCatalog(): valid catalog -- ----Catalog Validation version 1.0.01

readCatalog(): full path=/usr/local/tomcat/content/thredds/pchaos/r2010/r2010_catalog.xml; path=pchaos/r2010/r2010_catalog.xml
readCatalog(): valid catalog -- ----Catalog Validation version 1.0.01

readCatalog(): full path=/usr/local/tomcat/content/thredds/pchaos/r3007/r3007_catalog.xml; path=pchaos/r3007/r3007_catalog.xml
readCatalog(): valid catalog -- ----Catalog Validation version 1.0.01

readCatalog(): full path=/usr/local/tomcat/content/thredds/pchaos/rh1045/rh1045_catalog.xml; path=pchaos/rh1045/rh1045_catalog.xml
readCatalog(): valid catalog -- ----Catalog Validation version 1.0.01

readCatalog(): full path=/usr/local/tomcat/content/thredds/pchaos/rh2010/rh2010_catalog.xml; path=pchaos/rh2010/rh2010_catalog.xml
readCatalog(): valid catalog -- ----Catalog Validation version 1.0.01

readCatalog(): full path=/usr/local/tomcat/content/thredds/external/bahamas_catalog.xml; path=external/bahamas_catalog.xml
readCatalog(): valid catalog -- ----Catalog Validation version 1.0.01
**Warning: Dataset (Aggregated ROMS Run): is selectable but no data type declared in it or in a parent element

readCatalog(): full path=/usr/local/tomcat/content/thredds/external/GOM_catalog.xml; path=external/GOM_catalog.xml
readCatalog(): valid catalog -- ----Catalog Validation version 1.0.01

readCatalog(): full path=/usr/local/tomcat/content/thredds/external/flkeys_catalog.xml; path=external/flkeys_catalog.xml
readCatalog(): valid catalog -- ----Catalog Validation version 1.0.01

