2010-12-18T12:00:18.216-0500 [      1230][       1] serverStartup: TdsConfigContextListener.contextInitialized() start[2]: Non-request thread opening.
2010-12-18T12:00:18.242-0500 [      1256][       1] serverStartup: CdmInit: FeatureCollection.cacheDirectory= /usr/local/tomcat/content/thredds/cache/collection/
2010-12-18T12:00:18.406-0500 [      1420][       1] serverStartup: CdmInit: ehcache.config= /usr/local/tomcat/webapps/thredds/WEB-INF/ehcache.xml directory= /usr/local/tomcat/content/thredds/cache/ehcache/
2010-12-18T12:00:18.434-0500 [      1448][       1] serverStartup: CdmInit: catalogWriting.useBytesForDataSize= false
2010-12-18T12:00:18.892-0500 [      1906][       1] serverStartup: CdmInit: NetcdfDataset.initNetcdfFileCache= [200,400] scour = 600
2010-12-18T12:00:18.894-0500 [      1908][       1] serverStartup: CdmInit: HTTPFileCache.initCache= [20,40] scour = 600
2010-12-18T12:00:18.894-0500 [      1908][       1] serverStartup: CdmInit: GridServiceProvider.IndexExtendMode= readonly
2010-12-18T12:00:18.894-0500 [      1908][       1] serverStartup: CdmInit: GribIndexing.alwaysUseCache= false
2010-12-18T12:00:18.906-0500 [      1920][       1] serverStartup: CdmInit:  AggregationCache= /h1/s0/AggregationCache/ scour = 86400 maxAgeSecs = 2592000
2010-12-18T12:00:18.907-0500 [      1921][       1] serverStartup: CdmInit: Aggregation.setTypicalDatasetMode= random
2010-12-18T12:00:18.909-0500 [      1923][       1] serverStartup: CdmInit:  CdmCache= /usr/local/tomcat/content/thredds/cache/cdm scour = 3600 maxSize = 1000000000
2010-12-18T12:00:18.910-0500 [      1924][       1] serverStartup: CdmInit complete
2010-12-18T12:00:18.910-0500 [      1924][       1] serverStartup: TdsConfigContextListener: CdmInit done
2010-12-18T12:00:25.485-0500 [      8499][       1] serverStartup: TdsConfigContextListener: DataRootHandler done
2010-12-18T12:00:25.485-0500 [      8499][       1] serverStartup: TdsConfigContextListener.contextInitialized(): done - Non-request thread closing - 7269
2010-12-18T12:00:25.922-0500 [      8936][       2] serverStartup: CatalogGen - initialize start - Non-request thread opening.
2010-12-18T12:00:25.922-0500 [      8936][       2] serverStartup: CatalogGen not enabled in threddsConfig.xml - Non-request thread closing - 0
2010-12-18T12:00:25.980-0500 [      8994][       3] serverStartup: DQC Service - init start - Non-request thread opening.
2010-12-18T12:00:25.980-0500 [      8994][       3] serverStartup: Dqc Service not enabled in threddsConfig.xml - Non-request thread closing - 0
2010-12-18T12:00:26.032-0500 [      9046][       4] serverStartup: thredds.server.wcs.WCSServlet initialization start -  Non-request thread opening.
2010-12-18T12:00:26.033-0500 [      9047][       4] serverStartup: WCS:allow= false
2010-12-18T12:00:26.033-0500 [      9047][       4] serverStartup: WCS service not enabled in threddsConfig.xml: Non-request thread closing - 1
2010-12-18T12:00:26.103-0500 [      9117][       5] serverStartup: thredds.server.opendap.OpendapServlet initialization start - Non-request thread opening.
2010-12-18T12:00:26.103-0500 [      9117][       5] serverStartup: thredds.server.opendap.OpendapServlet version= opendap/3.7 ascLimit = 50 binLimit = 500
2010-12-18T12:00:26.103-0500 [      9117][       5] serverStartup: thredds.server.opendap.OpendapServlet initialization done - Non-request thread closing - 0
2010-12-18T12:00:26.261-0500 [      9275][       5] serverStartup: CdmRemoteController collections
 /idd/metar/gempak == /data/ldm/gempak/surface/#yyyyMMdd#_sao.gem
 /idd/bufr/quickScat == /data/ldm/gempak/surface/**/#yyyyMMdd#.gem
 /idd/metar/ncdecodedLocalHome == E:/datasets/metars/Surface_METAR_#yyyyMMdd_HHmm#.nc
 /idd/metar/ncdecoded == /data/ldm/pub/decoded/netcdf/surface/metar/Surface_METAR_#yyyyMMdd_HHmm#.nc
 /idd/metar/gempakLocalHome == C:/data/formats/gempak/surface/#yyyyMMdd#_sao.gem
 /idd/metar/gempakLocal == D:/formats/gempak/surface2/#yyyyMMdd#_sao.gem
 /idd/metar/ncdecodedLocal == Q:/station/ldm/metar/Surface_METAR_#yyyyMMdd_HHmm#.nc

2010-12-18T12:00:26.616-0500 [      9630][       5] serverStartup: WMS:allow= true
2010-12-18T12:00:26.616-0500 [      9630][       5] serverStartup: WMS:allowRemote= true
2010-12-18T12:00:26.770-0500 [      9784][       5] serverStartup: init(): Loaded WMS configuration from wmsConfig.xml
2010-12-18T12:00:26.787-0500 [      9801][       6] serverStartup: thredds.servlet.FmrcInventoryServlet initialization start -  Non-request thread opening.
2010-12-18T12:00:26.787-0500 [      9801][       6] serverStartup: thredds.servlet.FmrcInventoryServlet initialization done -  Non-request thread closing - 0
2010-12-18T12:00:26.804-0500 [      9818][       7] serverStartup: thredds.servlet.ViewServlet initialization start -  Non-request thread opening.
2010-12-18T12:00:26.804-0500 [      9818][       7] serverStartup: thredds.servlet.ViewServlet initialization done -  Non-request thread closing - 0
2010-12-18T12:00:26.806-0500 [      9820][       8] serverStartup: thredds.servlet.DLwriterServlet initialization start -  Non-request thread opening.
2010-12-18T12:00:26.806-0500 [      9820][       8] serverStartup: DLwriterServlet.init(): DLwriter service not enabled in threddsConfig.xml: Non-request thread closing - 0
